[  2921.755] 
X.Org X Server 1.20.3
X Protocol Version 11, Revision 0
[  2921.758] Build Operating System: Linux 4.9.0-8-amd64 x86_64 Debian
[  2921.759] Current Operating System: Linux sys 4.19.0-kali1-amd64 #1 SMP Debian 4.19.13-1kali1 (2019-01-03) x86_64
[  2921.759] Kernel command line: BOOT_IMAGE=/boot/vmlinuz-4.19.0-kali1-amd64 root=UUID=33edc78a-923e-44cc-8a0b-0cf4a958c047 ro quiet
[  2921.761] Build Date: 25 October 2018  06:15:23PM
[  2921.762] xorg-server 2:1.20.3-1 (https://www.debian.org/support) 
[  2921.762] Current version of pixman: 0.36.0
[  2921.763] 	Before reporting problems, check http://wiki.x.org
	to make sure that you have the latest version.
[  2921.763] Markers: (--) probed, (**) from config file, (==) default setting,
	(++) from command line, (!!) notice, (II) informational,
	(WW) warning, (EE) error, (NI) not implemented, (??) unknown.
[  2921.765] (==) Log file: "/var/log/Xorg.0.log", Time: Sat Feb  2 19:37:50 2019
[  2921.766] (==) Using system config directory "/usr/share/X11/xorg.conf.d"
[  2921.766] (==) No Layout section.  Using the first Screen section.
[  2921.766] (==) No screen section available. Using defaults.
[  2921.766] (**) |-->Screen "Default Screen Section" (0)
[  2921.766] (**) |   |-->Monitor "<default monitor>"
[  2921.766] (==) No monitor specified for screen "Default Screen Section".
	Using a default monitor configuration.
[  2921.766] (==) Automatically adding devices
[  2921.766] (==) Automatically enabling devices
[  2921.766] (==) Automatically adding GPU devices
[  2921.766] (==) Max clients allowed: 256, resource mask: 0x1fffff
[  2921.766] (WW) The directory "/usr/share/fonts/X11/cyrillic" does not exist.
[  2921.766] 	Entry deleted from font path.
[  2921.766] (==) FontPath set to:
	/usr/share/fonts/X11/misc,
	/usr/share/fonts/X11/100dpi/:unscaled,
	/usr/share/fonts/X11/75dpi/:unscaled,
	/usr/share/fonts/X11/Type1,
	/usr/share/fonts/X11/100dpi,
	/usr/share/fonts/X11/75dpi,
	built-ins
[  2921.766] (==) ModulePath set to "/usr/lib/xorg/modules"
[  2921.766] (II) The server relies on udev to provide the list of input devices.
	If no devices become available, reconfigure udev or disable AutoAddDevices.
[  2921.766] (II) Loader magic: 0x5632bef67e20
[  2921.766] (II) Module ABI versions:
[  2921.766] 	X.Org ANSI C Emulation: 0.4
[  2921.766] 	X.Org Video Driver: 24.0
[  2921.766] 	X.Org XInput driver : 24.1
[  2921.766] 	X.Org Server Extension : 10.0
[  2921.767] (++) using VT number 1

[  2921.768] (II) systemd-logind: took control of session /org/freedesktop/login1/session/_31
[  2921.770] (--) PCI:*(28@0:0:0) 1002:67df:1da2:e366 rev 231, Mem @ 0xe0000000/268435456, 0xf0000000/2097152, 0xfe900000/262144, I/O @ 0x0000e000/256, BIOS @ 0x????????/131072
[  2921.770] (II) LoadModule: "glx"
[  2921.770] (II) Loading /usr/lib/xorg/modules/extensions/libglx.so
[  2921.771] (II) Module glx: vendor="X.Org Foundation"
[  2921.771] 	compiled for 1.20.3, module version = 1.0.0
[  2921.771] 	ABI class: X.Org Server Extension, version 10.0
[  2921.771] (==) Matched ati as autoconfigured driver 0
[  2921.771] (==) Matched modesetting as autoconfigured driver 1
[  2921.771] (==) Matched fbdev as autoconfigured driver 2
[  2921.771] (==) Matched vesa as autoconfigured driver 3
[  2921.771] (==) Assigned the driver to the xf86ConfigLayout
[  2921.771] (II) LoadModule: "ati"
[  2921.771] (WW) Warning, couldn't open module ati
[  2921.771] (EE) Failed to load module "ati" (module does not exist, 0)
[  2921.771] (II) LoadModule: "modesetting"
[  2921.771] (II) Loading /usr/lib/xorg/modules/drivers/modesetting_drv.so
[  2921.771] (II) Module modesetting: vendor="X.Org Foundation"
[  2921.771] 	compiled for 1.20.3, module version = 1.20.3
[  2921.771] 	Module class: X.Org Video Driver
[  2921.771] 	ABI class: X.Org Video Driver, version 24.0
[  2921.771] (II) LoadModule: "fbdev"
[  2921.771] (WW) Warning, couldn't open module fbdev
[  2921.771] (EE) Failed to load module "fbdev" (module does not exist, 0)
[  2921.771] (II) LoadModule: "vesa"
[  2921.771] (WW) Warning, couldn't open module vesa
[  2921.771] (EE) Failed to load module "vesa" (module does not exist, 0)
[  2921.771] (II) modesetting: Driver for Modesetting Kernel Drivers: kms
[  2921.771] (EE) open /dev/dri/card0: No such file or directory
[  2921.771] (WW) Falling back to old probe method for modesetting
[  2921.771] (EE) open /dev/dri/card0: No such file or directory
[  2921.771] (EE) Screen 0 deleted because of no matching config section.
[  2921.771] (II) UnloadModule: "modesetting"
[  2921.771] (EE) Device(s) detected, but none match those in the config file.
[  2921.771] (EE) 
Fatal server error:
[  2921.771] (EE) no screens found(EE) 
[  2921.771] (EE) 
Please consult the The X.Org Foundation support 
	 at http://wiki.x.org
 for help. 
[  2921.771] (EE) Please also check the log file at "/var/log/Xorg.0.log" for additional information.
[  2921.771] (EE) 
[  2921.773] (EE) Server terminated with error (1). Closing log file.
